<?xml version="1.0" encoding="UTF-8"?>
<testng-results ignored="0" total="1" passed="1" failed="0" skipped="0">
  <reporter-output>
  </reporter-output>
  <suite started-at="2020-02-06T23:46:27 ICT" name="Default suite" finished-at="2020-02-06T23:46:37 ICT" duration-ms="9496">
    <groups>
    </groups>
    <test started-at="2020-02-06T23:46:27 ICT" name="Default test" finished-at="2020-02-06T23:46:37 ICT" duration-ms="9496">
      <class name="test.Test1_GoogleSearch_TestNG_Demo">
        <test-method is-config="true" signature="setUpTest()[pri:0, instance:test.Test1_GoogleSearch_TestNG_Demo@3b2da18f]" started-at="2020-02-06T23:46:27 ICT" name="setUpTest" finished-at="2020-02-06T23:46:32 ICT" duration-ms="4572" status="PASS">
          <reporter-output>
          </reporter-output>
        </test-method> <!-- setUpTest -->
        <test-method signature="googleSearch()[pri:0, instance:test.Test1_GoogleSearch_TestNG_Demo@3b2da18f]" started-at="2020-02-06T23:46:32 ICT" name="googleSearch" finished-at="2020-02-06T23:46:35 ICT" duration-ms="3027" status="PASS">
          <reporter-output>
          </reporter-output>
        </test-method> <!-- googleSearch -->
        <test-method is-config="true" signature="tearDownTest()[pri:0, instance:test.Test1_GoogleSearch_TestNG_Demo@3b2da18f]" started-at="2020-02-06T23:46:35 ICT" name="tearDownTest" finished-at="2020-02-06T23:46:37 ICT" duration-ms="1861" status="PASS">
          <reporter-output>
          </reporter-output>
        </test-method> <!-- tearDownTest -->
      </class> <!-- test.Test1_GoogleSearch_TestNG_Demo -->
    </test> <!-- Default test -->
  </suite> <!-- Default suite -->
</testng-results>
