<?xml version="1.0" encoding="UTF-8"?>
<!-- Generated by org.testng.reporters.JUnitXMLReporter -->
<testsuite ignored="0" hostname="Macintoshs-MBP.net.fpt" failures="1" tests="1" name="Test" time="21.012" errors="0" timestamp="01 Feb 2020 11:52:14 GMT">
  <testcase classname="testngMaven.NewTest" name="testEasy" time="11.169">
    <failure type="java.lang.AssertionError" message="expected [Demo Guru99 ] but found [Demo Guru99 Page]">
      <![CDATA[java.lang.AssertionError: expected [Demo Guru99 ] but found [Demo Guru99 Page]
at testngMaven.NewTest.testEasy(NewTest.java:23)
... Removed 31 stack frames]]>
    </failure>
  </testcase> <!-- testEasy -->
</testsuite> <!-- Test -->
